ERROR 2025-07-24 11:44:37,266 whois 6204 140604676899072 Error trying to connect to socket: closing socket - timed out
ERROR 2025-07-24 11:44:37,340 services 6204 140604676899072 DNS resolution failed for suspicious-domain.tk: The DNS query name does not exist: suspicious-domain.tk.
ERROR 2025-07-24 11:44:37,411 services 6204 140604676899072 MX lookup failed for suspicious-domain.tk: The DNS query name does not exist: suspicious-domain.tk.
ERROR 2025-07-24 11:44:37,412 services 6204 140604676899072 Domain analysis failed for suspicious-domain.tk: NOT NULL constraint failed: threat_intelligence_domainreputation.registrar
INFO 2025-07-24 11:52:00,424 autoreload 7257 140339158892800 Watching for file changes with StatReloader
WARNING 2025-07-24 11:52:06,928 log 7257 140339098789568 Not Found: /api/v1/users/auth/login/
WARNING 2025-07-24 11:52:06,928 basehttp 7257 140339098789568 "POST /api/v1/users/auth/login/ HTTP/1.1" 404 5292
ERROR 2025-07-24 11:52:12,942 log 7257 140339098789568 Internal Server Error: /api/v1/users/api/auth/login/
Traceback (most recent call last):
  File "/workspace/phishing_analyzer_env/lib/python3.13/site-packages/django/core/handlers/exception.py", line 55, in inner
    response = get_response(request)
  File "/workspace/phishing_analyzer_env/lib/python3.13/site-packages/django/core/handlers/base.py", line 197, in _get_response
    response = wrapped_callback(request, *callback_args, **callback_kwargs)
  File "/workspace/phishing_analyzer_env/lib/python3.13/site-packages/django/views/decorators/csrf.py", line 65, in _view_wrapper
    return view_func(request, *args, **kwargs)
  File "/workspace/phishing_analyzer_env/lib/python3.13/site-packages/rest_framework/viewsets.py", line 125, in view
    return self.dispatch(request, *args, **kwargs)
           ~~~~~~~~~~~~~^^^^^^^^^^^^^^^^^^^^^^^^^^
  File "/workspace/phishing_analyzer_env/lib/python3.13/site-packages/rest_framework/views.py", line 515, in dispatch
    response = self.handle_exception(exc)
  File "/workspace/phishing_analyzer_env/lib/python3.13/site-packages/rest_framework/views.py", line 475, in handle_exception
    self.raise_uncaught_exception(exc)
    ~~~~~~~~~~~~~~~~~~~~~~~~~~~~~^^^^^
  File "/workspace/phishing_analyzer_env/lib/python3.13/site-packages/rest_framework/views.py", line 486, in raise_uncaught_exception
    raise exc
  File "/workspace/phishing_analyzer_env/lib/python3.13/site-packages/rest_framework/views.py", line 512, in dispatch
    response = handler(request, *args, **kwargs)
  File "/workspace/phishing_analyzer/user_management/views.py", line 381, in login
    token, created = Token.objects.get_or_create(user=user)
                     ^^^^^^^^^^^^^
AttributeError: type object 'Token' has no attribute 'objects'
ERROR 2025-07-24 11:52:12,944 basehttp 7257 140339098789568 "POST /api/v1/users/api/auth/login/ HTTP/1.1" 500 93057
INFO 2025-07-24 12:02:09,732 autoreload 8690 139895983337728 Watching for file changes with StatReloader
INFO 2025-07-24 12:54:49,987 autoreload 8690 139895983337728 /workspace/phishing_analyzer/email_analysis/views.py changed, reloading.
INFO 2025-07-24 12:54:50,366 autoreload 12214 140435696021760 Watching for file changes with StatReloader
INFO 2025-07-24 12:55:07,657 autoreload 12214 140435696021760 /workspace/phishing_analyzer/user_management/models.py changed, reloading.
INFO 2025-07-24 12:55:07,936 autoreload 12516 140375820357888 Watching for file changes with StatReloader
INFO 2025-07-24 12:55:34,273 autoreload 12516 140375820357888 /workspace/phishing_analyzer/phishing_analyzer/urls.py changed, reloading.
INFO 2025-07-24 12:55:34,535 autoreload 12604 140214016295168 Watching for file changes with StatReloader
INFO 2025-07-24 12:55:49,819 autoreload 12604 140214016295168 /workspace/phishing_analyzer/user_management/urls.py changed, reloading.
INFO 2025-07-24 12:55:50,071 autoreload 12734 140531916783872 Watching for file changes with StatReloader
